
Showing logs for build [32mmighani-environment-k8sjx-stagi-d9s6k-1[0m stage [32mfrom-build-pack[0m and container [32mstep-credential-initializer-wdvqb[0m
{"level":"warn","ts":1582726176.2443361,"logger":"fallback-logger","caller":"logging/config.go:69","msg":"Fetch GitHub commit ID from kodata failed: \"ref: refs/heads/0.8.0-**-support-backwards-incompats\" is not a valid GitHub commit ID"}
{"level":"info","ts":1582726176.2501395,"logger":"fallback-logger","caller":"creds-init/main.go:40","msg":"Credentials initialized."}

Showing logs for build [32mmighani-environment-k8sjx-stagi-d9s6k-1[0m stage [32mfrom-build-pack[0m and container [32mstep-working-dir-initializer-x5wwz[0m
{"level":"warn","ts":1582726177.265089,"logger":"fallback-logger","caller":"logging/config.go:69","msg":"Fetch GitHub commit ID from kodata failed: open /var/run/ko/HEAD: no such file or directory"}
{"level":"info","ts":1582726177.2721505,"logger":"fallback-logger","caller":"bash/main.go:64","msg":"Successfully executed command \"sh -c mkdir -p /workspace/source\"; output "}

Showing logs for build [32mmighani-environment-k8sjx-stagi-d9s6k-1[0m stage [32mfrom-build-pack[0m and container [32mstep-place-tools[0m

Showing logs for build [32mmighani-environment-k8sjx-stagi-d9s6k-1[0m stage [32mfrom-build-pack[0m and container [32mstep-git-source-mighani-environment-k8sjx-stagi-d9s6k-5cjvr[0m
{"level":"warn","ts":1582726182.710436,"logger":"fallback-logger","caller":"logging/config.go:69","msg":"Fetch GitHub commit ID from kodata failed: \"ref: refs/heads/0.8.0-**-support-backwards-incompats\" is not a valid GitHub commit ID"}
{"level":"info","ts":1582726183.7762609,"logger":"fallback-logger","caller":"git/git.go:103","msg":"Successfully cloned https://github.com/*******/environment-k8s**-staging.git @ master in path /workspace/source"}

Showing logs for build [32mmighani-environment-k8sjx-stagi-d9s6k-1[0m stage [32mfrom-build-pack[0m and container [32mstep-git-merge[0m
Using SHAs from PULL_REFS=master:66883eb8e2e6ac5735839522842c327f24f4960a,1:415e51bb159e3b43d9ab0ee7af2529f34882783a
DEBUG: JX_LOG_LEVEL=error LC_ALL=C git fetch origin --unshallow 415e51bb159e3b43d9ab0ee7af2529f34882783a: 66883eb8e2e6ac5735839522842c327f24f4960a:
DEBUG: ran git fetch --unshallow origin 415e51bb159e3b43d9ab0ee7af2529f34882783a: 66883eb8e2e6ac5735839522842c327f24f4960a: in 
DEBUG: LC_ALL=C JX_LOG_LEVEL=error git branch
DEBUG: LC_ALL=C JX_LOG_LEVEL=error git checkout master
DEBUG: ran git checkout master in 
DEBUG: LC_ALL=C JX_LOG_LEVEL=error git reset --hard 66883eb8e2e6ac5735839522842c327f24f4960a
DEBUG: ran git reset --hard 66883eb8e2e6ac5735839522842c327f24f4960a in 
DEBUG: LC_ALL=C JX_LOG_LEVEL=error git clean -fd .
DEBUG: ran clean --force -d . in 
DEBUG: JX_LOG_LEVEL=error LC_ALL=C git merge 415e51bb159e3b43d9ab0ee7af2529f34882783a
DEBUG: ran git merge 415e51bb159e3b43d9ab0ee7af2529f34882783a in 
DEBUG: LC_ALL=C JX_LOG_LEVEL=error git log --format=%H%x1f%an%x1f%ae%x1f%cn%x1f%ce%x1f%s%n%b%x1e 66883eb8e2e6ac5735839522842c327f24f4960a..HEAD
Merged SHA 415e51bb159e3b43d9ab0ee7af2529f34882783a with commit message 'chore: Promote **spring to version 0.0.1' into base branch master

Showing logs for build [32mmighani-environment-k8sjx-stagi-d9s6k-1[0m stage [32mfrom-build-pack[0m and container [32mstep-build-helm-build[0m
WARNING: No $CHART_REPOSITORY defined so using the default value of: http://jenkins-x-chartmuseum:8080
Adding missing Helm repo: storage.googleapis.com https://storage.googleapis.com/chartmuseum.jenkins-x.io
Successfully added Helm repository storage.googleapis.com.
Adding missing Helm repo: jenkins-x-chartmuseum http://jenkins-x-chartmuseum:8080
Successfully added Helm repository jenkins-x-chartmuseum.
WARNING: No $CHART_REPOSITORY defined so using the default value of: http://jenkins-x-chartmuseum:8080
Adding missing Helm repo: chartmuseum.jenkins-x.io http://chartmuseum.jenkins-x.io
Successfully added Helm repository chartmuseum.jenkins-x.io.
