
Showing logs for build [32mmighani-environment-k8sjx-stagi-wmdck-1[0m stage [32mfrom-build-pack[0m and container [32mstep-credential-initializer-nmkgc[0m
{"level":"warn","ts":1582735076.1397274,"logger":"fallback-logger","caller":"logging/config.go:69","msg":"Fetch GitHub commit ID from kodata failed: \"ref: refs/heads/0.8.0-**-support-backwards-incompats\" is not a valid GitHub commit ID"}
{"level":"info","ts":1582735076.1496608,"logger":"fallback-logger","caller":"creds-init/main.go:40","msg":"Credentials initialized."}

Showing logs for build [32mmighani-environment-k8sjx-stagi-wmdck-1[0m stage [32mfrom-build-pack[0m and container [32mstep-working-dir-initializer-hd6hk[0m
{"level":"warn","ts":1582735077.6822424,"logger":"fallback-logger","caller":"logging/config.go:69","msg":"Fetch GitHub commit ID from kodata failed: open /var/run/ko/HEAD: no such file or directory"}
{"level":"info","ts":1582735077.690128,"logger":"fallback-logger","caller":"bash/main.go:64","msg":"Successfully executed command \"sh -c mkdir -p /workspace/source\"; output "}

Showing logs for build [32mmighani-environment-k8sjx-stagi-wmdck-1[0m stage [32mfrom-build-pack[0m and container [32mstep-place-tools[0m

Showing logs for build [32mmighani-environment-k8sjx-stagi-wmdck-1[0m stage [32mfrom-build-pack[0m and container [32mstep-git-source-mighani-environment-k8sjx-stagi-wmdck-259b4[0m
{"level":"warn","ts":1582735083.951337,"logger":"fallback-logger","caller":"logging/config.go:69","msg":"Fetch GitHub commit ID from kodata failed: \"ref: refs/heads/0.8.0-**-support-backwards-incompats\" is not a valid GitHub commit ID"}
{"level":"info","ts":1582735085.1115215,"logger":"fallback-logger","caller":"git/git.go:103","msg":"Successfully cloned https://github.com/*******/environment-k8s**-staging.git @ master in path /workspace/source"}

Showing logs for build [32mmighani-environment-k8sjx-stagi-wmdck-1[0m stage [32mfrom-build-pack[0m and container [32mstep-git-merge[0m
Using SHAs from PULL_REFS=master:f2257800aaf5e8c12547cc2e76a671bb1ed7b875,2:1b4f98b74973da0b3c156d7bb40bc18e6d61229f
DEBUG: LC_ALL=C JX_LOG_LEVEL=error git fetch origin --unshallow 1b4f98b74973da0b3c156d7bb40bc18e6d61229f: f2257800aaf5e8c12547cc2e76a671bb1ed7b875:
DEBUG: LC_ALL=C JX_LOG_LEVEL=error git fetch origin 1b4f98b74973da0b3c156d7bb40bc18e6d61229f: f2257800aaf5e8c12547cc2e76a671bb1ed7b875:
DEBUG: ran git fetch origin 1b4f98b74973da0b3c156d7bb40bc18e6d61229f: f2257800aaf5e8c12547cc2e76a671bb1ed7b875: in 
DEBUG: JX_LOG_LEVEL=error LC_ALL=C git rev-parse --is-shallow-repository
DEBUG: Unshallowed git repo in 
DEBUG: LC_ALL=C JX_LOG_LEVEL=error git branch
DEBUG: LC_ALL=C JX_LOG_LEVEL=error git checkout master
DEBUG: ran git checkout master in 
DEBUG: LC_ALL=C JX_LOG_LEVEL=error git reset --hard f2257800aaf5e8c12547cc2e76a671bb1ed7b875
DEBUG: ran git reset --hard f2257800aaf5e8c12547cc2e76a671bb1ed7b875 in 
DEBUG: LC_ALL=C JX_LOG_LEVEL=error git clean -fd .
DEBUG: ran clean --force -d . in 
DEBUG: LC_ALL=C JX_LOG_LEVEL=error git merge 1b4f98b74973da0b3c156d7bb40bc18e6d61229f
DEBUG: ran git merge 1b4f98b74973da0b3c156d7bb40bc18e6d61229f in 
DEBUG: LC_ALL=C JX_LOG_LEVEL=error git log --format=%H%x1f%an%x1f%ae%x1f%cn%x1f%ce%x1f%s%n%b%x1e f2257800aaf5e8c12547cc2e76a671bb1ed7b875..HEAD
Merged SHA 1b4f98b74973da0b3c156d7bb40bc18e6d61229f with commit message 'chore: Promote **spring to version 0.0.2' into base branch master

Showing logs for build [32mmighani-environment-k8sjx-stagi-wmdck-1[0m stage [32mfrom-build-pack[0m and container [32mstep-build-helm-build[0m
WARNING: No $CHART_REPOSITORY defined so using the default value of: http://jenkins-x-chartmuseum:8080
Adding missing Helm repo: storage.googleapis.com https://storage.googleapis.com/chartmuseum.jenkins-x.io
Successfully added Helm repository storage.googleapis.com.
Adding missing Helm repo: jenkins-x-chartmuseum http://jenkins-x-chartmuseum:8080
Successfully added Helm repository jenkins-x-chartmuseum.
WARNING: No $CHART_REPOSITORY defined so using the default value of: http://jenkins-x-chartmuseum:8080
Adding missing Helm repo: chartmuseum.jenkins-x.io http://chartmuseum.jenkins-x.io
Successfully added Helm repository chartmuseum.jenkins-x.io.
